[debug] [2021-11-18T15:53:16.082Z] ----------------------------------------------------------------------
[debug] [2021-11-18T15:53:16.085Z] Command:       C:\Program Files\nodejs\node.exe C:\Users\Razu\AppData\Roaming\npm\node_modules\firebase-tools\lib\bin\firebase.js deploy
[debug] [2021-11-18T15:53:16.086Z] CLI Version:   9.22.0
[debug] [2021-11-18T15:53:16.086Z] Platform:      win32
[debug] [2021-11-18T15:53:16.086Z] Node Version:  v14.17.0
[debug] [2021-11-18T15:53:16.087Z] Time:          Thu Nov 18 2021 21:53:16 GMT+0600 (Bangladesh Standard Time)
[debug] [2021-11-18T15:53:16.088Z] ----------------------------------------------------------------------
[debug] 
[debug] [2021-11-18T15:53:16.189Z] > command requires scopes: ["email","openid","https://www.googleapis.com/auth/cloudplatformprojects.readonly","https://www.googleapis.com/auth/firebase","https://www.googleapis.com/auth/cloud-platform"]
[debug] [2021-11-18T15:53:16.190Z] > authorizing via signed-in user (baburaju638@gmail.com)
[debug] [2021-11-18T15:53:16.190Z] [iam] checking project watch-world-9d86f for permissions ["firebase.projects.get","firebasehosting.sites.update"]
[debug] [2021-11-18T15:53:16.193Z] > refreshing access token with scopes: ["email","https://www.googleapis.com/auth/cloud-platform","https://www.googleapis.com/auth/cloudplatformprojects.readonly","https://www.googleapis.com/auth/firebase","openid"]
[debug] [2021-11-18T15:53:16.194Z] >>> HTTP REQUEST POST https://www.googleapis.com/oauth2/v3/token  
 <request body omitted>
[debug] [2021-11-18T15:53:20.147Z] <<< HTTP RESPONSE 200 {"expires":"Mon, 01 Jan 1990 00:00:00 GMT","cache-control":"no-cache, no-store, max-age=0, must-revalidate","pragma":"no-cache","date":"Thu, 18 Nov 2021 15:53:20 GMT","content-type":"application/json; charset=utf-8","vary":"X-Origin, Referer, Origin,Accept-Encoding","server":"scaffolding on HTTPServer2","x-xss-protection":"0","x-frame-options":"SAMEORIGIN","x-content-type-options":"nosniff","alt-svc":"h3=\":443\"; ma=2592000,h3-29=\":443\"; ma=2592000,h3-Q050=\":443\"; ma=2592000,h3-Q046=\":443\"; ma=2592000,h3-Q043=\":443\"; ma=2592000,quic=\":443\"; ma=2592000; v=\"46,43\"","accept-ranges":"none","transfer-encoding":"chunked"}
[debug] [2021-11-18T15:53:20.170Z] >>> HTTP REQUEST POST https://cloudresourcemanager.googleapis.com/v1/projects/watch-world-9d86f:testIamPermissions  
 {"permissions":["firebase.projects.get","firebasehosting.sites.update"]}
[debug] [2021-11-18T15:53:31.289Z] <<< HTTP RESPONSE 200 {"content-type":"application/json; charset=UTF-8","vary":"X-Origin, Referer, Origin,Accept-Encoding","date":"Thu, 18 Nov 2021 15:53:29 GMT","server":"ESF","cache-control":"private","x-xss-protection":"0","x-frame-options":"SAMEORIGIN","x-content-type-options":"nosniff","server-timing":"gfet4t7; dur=949","alt-svc":"h3=\":443\"; ma=2592000,h3-29=\":443\"; ma=2592000,h3-Q050=\":443\"; ma=2592000,h3-Q046=\":443\"; ma=2592000,h3-Q043=\":443\"; ma=2592000,quic=\":443\"; ma=2592000; v=\"46,43\"","accept-ranges":"none","transfer-encoding":"chunked"}
[debug] [2021-11-18T15:53:31.292Z] > refreshing access token with scopes: []
[debug] [2021-11-18T15:53:31.293Z] >>> HTTP REQUEST POST https://www.googleapis.com/oauth2/v3/token  
 <request body omitted>
[debug] [2021-11-18T15:53:37.331Z] <<< HTTP RESPONSE 200 {"date":"Thu, 18 Nov 2021 15:53:38 GMT","pragma":"no-cache","expires":"Mon, 01 Jan 1990 00:00:00 GMT","cache-control":"no-cache, no-store, max-age=0, must-revalidate","content-type":"application/json; charset=utf-8","vary":"X-Origin, Referer, Origin,Accept-Encoding","server":"scaffolding on HTTPServer2","x-xss-protection":"0","x-frame-options":"SAMEORIGIN","x-content-type-options":"nosniff","alt-svc":"h3=\":443\"; ma=2592000,h3-29=\":443\"; ma=2592000,h3-Q050=\":443\"; ma=2592000,h3-Q046=\":443\"; ma=2592000,h3-Q043=\":443\"; ma=2592000,quic=\":443\"; ma=2592000; v=\"46,43\"","accept-ranges":"none","transfer-encoding":"chunked"}
[debug] [2021-11-18T15:53:37.351Z] >>> [apiv2][query] GET https://firebase.googleapis.com/v1beta1/projects/watch-world-9d86f [none]
[debug] [2021-11-18T15:53:38.270Z] <<< [apiv2][status] GET https://firebase.googleapis.com/v1beta1/projects/watch-world-9d86f 200
[debug] [2021-11-18T15:53:38.270Z] <<< [apiv2][body] GET https://firebase.googleapis.com/v1beta1/projects/watch-world-9d86f {"projectId":"watch-world-9d86f","projectNumber":"496929763453","displayName":"watch-world","name":"projects/watch-world-9d86f","resources":{"hostingSite":"watch-world-9d86f"},"state":"ACTIVE"}
[info] 
[info] === Deploying to 'watch-world-9d86f'...
[info] 
[info] i  deploying hosting 
[debug] [2021-11-18T15:53:38.283Z] > refreshing access token with scopes: ["email","https://www.googleapis.com/auth/cloud-platform","https://www.googleapis.com/auth/cloudplatformprojects.readonly","https://www.googleapis.com/auth/firebase","openid"]
[debug] [2021-11-18T15:53:38.283Z] >>> HTTP REQUEST POST https://www.googleapis.com/oauth2/v3/token  
 <request body omitted>
[debug] [2021-11-18T15:53:38.867Z] <<< HTTP RESPONSE 200 {"date":"Thu, 18 Nov 2021 15:53:40 GMT","cache-control":"no-cache, no-store, max-age=0, must-revalidate","expires":"Mon, 01 Jan 1990 00:00:00 GMT","pragma":"no-cache","content-type":"application/json; charset=utf-8","vary":"X-Origin, Referer, Origin,Accept-Encoding","server":"scaffolding on HTTPServer2","x-xss-protection":"0","x-frame-options":"SAMEORIGIN","x-content-type-options":"nosniff","alt-svc":"h3=\":443\"; ma=2592000,h3-29=\":443\"; ma=2592000,h3-Q050=\":443\"; ma=2592000,h3-Q046=\":443\"; ma=2592000,h3-Q043=\":443\"; ma=2592000,quic=\":443\"; ma=2592000; v=\"46,43\"","accept-ranges":"none","transfer-encoding":"chunked"}
[debug] [2021-11-18T15:53:38.886Z] >>> HTTP REQUEST POST https://firebasehosting.googleapis.com/v1beta1/sites/watch-world-9d86f/versions  
 {"config":{"rewrites":[{"glob":"**","path":"/index.html"}]},"labels":{"deployment-tool":"cli-firebase"}}
[debug] [2021-11-18T15:53:42.881Z] <<< HTTP RESPONSE 200 {"content-type":"application/json; charset=UTF-8","vary":"X-Origin, Referer, Origin,Accept-Encoding","date":"Thu, 18 Nov 2021 15:53:43 GMT","server":"ESF","cache-control":"private","x-xss-protection":"0","x-frame-options":"SAMEORIGIN","x-content-type-options":"nosniff","alt-svc":"h3=\":443\"; ma=2592000,h3-29=\":443\"; ma=2592000,h3-Q050=\":443\"; ma=2592000,h3-Q046=\":443\"; ma=2592000,h3-Q043=\":443\"; ma=2592000,quic=\":443\"; ma=2592000; v=\"46,43\"","accept-ranges":"none","transfer-encoding":"chunked"}
[info] i  hosting[watch-world-9d86f]: beginning deploy... 
[info] i  hosting[watch-world-9d86f]: found 32 files in build 
[debug] [2021-11-18T15:53:44.343Z] > refreshing access token with scopes: []
[debug] [2021-11-18T15:53:44.343Z] >>> HTTP REQUEST POST https://www.googleapis.com/oauth2/v3/token  
 <request body omitted>
[debug] [2021-11-18T15:53:44.346Z] [hosting] hash cache [YnVpbGQ] stored for 32 files
[debug] [2021-11-18T15:53:44.346Z] [hosting][hash queue][FINAL] {"max":1399,"min":12,"avg":109.625,"active":0,"complete":32,"success":32,"errored":0,"retried":0,"total":32,"elapsed":1418}
[debug] [2021-11-18T15:53:45.524Z] <<< HTTP RESPONSE 200 {"expires":"Mon, 01 Jan 1990 00:00:00 GMT","cache-control":"no-cache, no-store, max-age=0, must-revalidate","pragma":"no-cache","date":"Thu, 18 Nov 2021 15:53:47 GMT","content-type":"application/json; charset=utf-8","vary":"X-Origin, Referer, Origin,Accept-Encoding","server":"scaffolding on HTTPServer2","x-xss-protection":"0","x-frame-options":"SAMEORIGIN","x-content-type-options":"nosniff","alt-svc":"h3=\":443\"; ma=2592000,h3-29=\":443\"; ma=2592000,h3-Q050=\":443\"; ma=2592000,h3-Q046=\":443\"; ma=2592000,h3-Q043=\":443\"; ma=2592000,quic=\":443\"; ma=2592000; v=\"46,43\"","accept-ranges":"none","transfer-encoding":"chunked"}
[debug] [2021-11-18T15:53:45.542Z] >>> [apiv2][query] POST https://firebasehosting.googleapis.com/v1beta1/sites/watch-world-9d86f/versions/00e331c81e153ca1:populateFiles [none]
[debug] [2021-11-18T15:53:45.543Z] >>> [apiv2][body] POST https://firebasehosting.googleapis.com/v1beta1/sites/watch-world-9d86f/versions/00e331c81e153ca1:populateFiles {"files":{"/favicon.ico":"8faac11f7df1c535eb1c6632cc605940406e273ad9114cad913e438dffb1110e","/logo192.png":"3ee59515172ee198f3be375979df15ac5345183e656720a381b8872b2a39dc8b","/logo512.png":"ee7e2f3fdb8209c4b6fd7bef6ba50d1b9dba30a25bb5c3126df057e1cb6f5331","/manifest.json":"aff3449bdc238776f5d6d967f19ec491b36aed5fb7f23ccff6500736fd58494a","/robots.txt":"bfe106a3fb878dc83461c86818bf74fc1bdc7f28538ba613cd3e775516ce8b49","/asset-manifest.json":"6a647b18f3bf19737ce7d48f36472d3ee0222f0c6e5e6c440e8aaa40a979dfab","/index.html":"bba14522d332f81155435716e74e1bdba8dcc0bd6aafb6b6f3e937dd781c55bf","/static/css/main.d45c6861.chunk.css":"03e915d1f6f5486b9d80537554ac2284d87168eff5450ddcafebf8c80399ffce","/static/css/main.d45c6861.chunk.css.map":"f6b8768465587e5a49c103add1684eca76f1b7c5e90e45011a5d51d2b2a1837e","/static/js/2.4ff2966c.chunk.js.LICENSE.txt":"f0d062a9a5b0ab8012515eb35605119568f36fa9d93733cab8a5c72373e1ea69","/static/js/3.87bc581a.chunk.js":"74406a5f5d887e2265341249e7cdc434e0246c477573b08e6cbfbfcd3357a7b5","/static/js/3.87bc581a.chunk.js.map":"3f48d4152d27556dc90fa17e2c1b79475c63428b96e93ede9ce8e5888271ad50","/static/js/main.1032f933.chunk.js.LICENSE.txt":"977663c761d88aec5155d676157dcedd79c8c470571074768152e62e50a24d4b","/static/js/runtime-main.f9e5776a.js":"ace557fc40dde263da76fc7809f134247af1431d5b7e619e77de2e2f2a9942a2","/static/js/runtime-main.f9e5776a.js.map":"ab5a24636cd72f232764d9a350c290be3abf21ba4beb271beb1554a1997d10c9","/static/media/Digial.25abd84c.png":"d6cee3ba90cb0145775f9e35941b09e21eec5de482f9e0b58cac76082f7e8c24","/static/media/kids.14cde849.png":"50ebd8b0dc905d532a1187498ce16e8872ed9771c938382b12830c60fd0278ec","/static/media/los.ec0510e2.png":"d7584a0ba0fb8cfa5031094e3715cea0a11b3e76bd6e00fc90d163df7b0ae406","/static/media/logo (2).8b8e1b68.png":"412756e39b1474a8de6ad74381e7f6a81580e8107e7597b220fa57ea94af127d","/static/css/2.82f0c819.chunk.css":"d6aa0627591dc792ed58ef41894a8589956acbbf6d0e80b6f9d7af6cfb3f40bf","/static/media/nextgeneration.2f79ab10.jpg":"d87080124555815419aacd320ea99b91231f7bf2fb51b95da2cebf8f9989fd7a","/static/js/main.1032f933.chunk.js":"4d6984ac0230cae3f042cebe7ce350bc9ee4d1f4d9bbc7bf9d66a890bbc63926","/static/media/slide1.98d4ad2e.jpg":"e266c6a68642e42c0ec8708761fda4631ee5e1c770fdd4b44e836b6ea9fba1aa","/static/media/luxury.12dbcca0.jpg":"dd5d85f87c4028362c191f26d8dedb40e6e6e2bc97f51a1125ad6ac73a32a3d8","/static/js/main.1032f933.chunk.js.map":"fe552f787d4d53f3d606d67a43f6832cd27b059f02517e735421f70b5a0133ab","/static/media/slide2.e2f13fca.jpg":"c5f6221529b07ffd5bbc2eef26eb100259c18da34e12e38d90e16b3e1c94a0c1","/static/media/slide3.98ab7857.jpg":"f8b178078ab3aac8ad3653e7ae005343a13ba2abdd103726fcbf999d561ca337","/static/media/slide5.31882c84.jpg":"e129b0aacaf9097094a4c3e1831322b797ddec68f1e6f4d27b52c75aa91629e6","/static/media/slide4.a0792e03.jpg":"12ac6b47b7e3ccec3c41aeeb52d5fd136d33689a3f26dbdca33b89d298ac9a6c","/static/css/2.82f0c819.chunk.css.map":"1e478049d7eb1ac7fc36283db1d297638bdc90cc5182212eeedf074eb94ba54b","/static/js/2.4ff2966c.chunk.js":"6348354ddc415288fab691627070aa701ed5b2545f0bd76fd77dec1dbf506d91","/static/js/2.4ff2966c.chunk.js.map":"39b0423ad9b9f69e775b7bb1d0a386a20b7f9e5d651b1c10ad98ae4809a59463"}}
[debug] [2021-11-18T15:53:48.703Z] <<< [apiv2][status] POST https://firebasehosting.googleapis.com/v1beta1/sites/watch-world-9d86f/versions/00e331c81e153ca1:populateFiles 200
[debug] [2021-11-18T15:53:48.704Z] <<< [apiv2][body] POST https://firebasehosting.googleapis.com/v1beta1/sites/watch-world-9d86f/versions/00e331c81e153ca1:populateFiles {"uploadRequiredHashes":["fe552f787d4d53f3d606d67a43f6832cd27b059f02517e735421f70b5a0133ab","4d6984ac0230cae3f042cebe7ce350bc9ee4d1f4d9bbc7bf9d66a890bbc63926","6a647b18f3bf19737ce7d48f36472d3ee0222f0c6e5e6c440e8aaa40a979dfab","bba14522d332f81155435716e74e1bdba8dcc0bd6aafb6b6f3e937dd781c55bf"],"uploadUrl":"https://upload-firebasehosting.googleapis.com/upload/sites/watch-world-9d86f/versions/00e331c81e153ca1/files"}
[debug] [2021-11-18T15:53:48.712Z] >>> [apiv2][query] POST https://upload-firebasehosting.googleapis.com/upload/sites/watch-world-9d86f/versions/00e331c81e153ca1/files/fe552f787d4d53f3d606d67a43f6832cd27b059f02517e735421f70b5a0133ab [none]
[debug] [2021-11-18T15:53:48.713Z] >>> [apiv2][body] POST https://upload-firebasehosting.googleapis.com/upload/sites/watch-world-9d86f/versions/00e331c81e153ca1/files/fe552f787d4d53f3d606d67a43f6832cd27b059f02517e735421f70b5a0133ab [stream]
[debug] [2021-11-18T15:53:48.723Z] >>> [apiv2][query] POST https://upload-firebasehosting.googleapis.com/upload/sites/watch-world-9d86f/versions/00e331c81e153ca1/files/4d6984ac0230cae3f042cebe7ce350bc9ee4d1f4d9bbc7bf9d66a890bbc63926 [none]
[debug] [2021-11-18T15:53:48.724Z] >>> [apiv2][body] POST https://upload-firebasehosting.googleapis.com/upload/sites/watch-world-9d86f/versions/00e331c81e153ca1/files/4d6984ac0230cae3f042cebe7ce350bc9ee4d1f4d9bbc7bf9d66a890bbc63926 [stream]
[debug] [2021-11-18T15:53:48.726Z] >>> [apiv2][query] POST https://upload-firebasehosting.googleapis.com/upload/sites/watch-world-9d86f/versions/00e331c81e153ca1/files/6a647b18f3bf19737ce7d48f36472d3ee0222f0c6e5e6c440e8aaa40a979dfab [none]
[debug] [2021-11-18T15:53:48.726Z] >>> [apiv2][body] POST https://upload-firebasehosting.googleapis.com/upload/sites/watch-world-9d86f/versions/00e331c81e153ca1/files/6a647b18f3bf19737ce7d48f36472d3ee0222f0c6e5e6c440e8aaa40a979dfab [stream]
[debug] [2021-11-18T15:53:48.729Z] >>> [apiv2][query] POST https://upload-firebasehosting.googleapis.com/upload/sites/watch-world-9d86f/versions/00e331c81e153ca1/files/bba14522d332f81155435716e74e1bdba8dcc0bd6aafb6b6f3e937dd781c55bf [none]
[debug] [2021-11-18T15:53:48.729Z] >>> [apiv2][body] POST https://upload-firebasehosting.googleapis.com/upload/sites/watch-world-9d86f/versions/00e331c81e153ca1/files/bba14522d332f81155435716e74e1bdba8dcc0bd6aafb6b6f3e937dd781c55bf [stream]
[debug] [2021-11-18T15:53:48.733Z] [hosting][populate queue][FINAL] {"max":4370,"min":4370,"avg":4370,"active":0,"complete":1,"success":1,"errored":0,"retried":0,"total":1,"elapsed":4391}
[debug] [2021-11-18T15:53:48.734Z] [hosting] uploads queued: 4
[debug] [2021-11-18T15:53:53.373Z] <<< [apiv2][status] POST https://upload-firebasehosting.googleapis.com/upload/sites/watch-world-9d86f/versions/00e331c81e153ca1/files/bba14522d332f81155435716e74e1bdba8dcc0bd6aafb6b6f3e937dd781c55bf 200
[debug] [2021-11-18T15:53:53.373Z] <<< [apiv2][body] POST https://upload-firebasehosting.googleapis.com/upload/sites/watch-world-9d86f/versions/00e331c81e153ca1/files/bba14522d332f81155435716e74e1bdba8dcc0bd6aafb6b6f3e937dd781c55bf [stream]
[debug] [2021-11-18T15:53:55.358Z] <<< [apiv2][status] POST https://upload-firebasehosting.googleapis.com/upload/sites/watch-world-9d86f/versions/00e331c81e153ca1/files/6a647b18f3bf19737ce7d48f36472d3ee0222f0c6e5e6c440e8aaa40a979dfab 200
[debug] [2021-11-18T15:53:55.358Z] <<< [apiv2][body] POST https://upload-firebasehosting.googleapis.com/upload/sites/watch-world-9d86f/versions/00e331c81e153ca1/files/6a647b18f3bf19737ce7d48f36472d3ee0222f0c6e5e6c440e8aaa40a979dfab [stream]
[debug] [2021-11-18T15:53:57.225Z] <<< [apiv2][status] POST https://upload-firebasehosting.googleapis.com/upload/sites/watch-world-9d86f/versions/00e331c81e153ca1/files/fe552f787d4d53f3d606d67a43f6832cd27b059f02517e735421f70b5a0133ab 200
[debug] [2021-11-18T15:53:57.226Z] <<< [apiv2][body] POST https://upload-firebasehosting.googleapis.com/upload/sites/watch-world-9d86f/versions/00e331c81e153ca1/files/fe552f787d4d53f3d606d67a43f6832cd27b059f02517e735421f70b5a0133ab [stream]
[debug] [2021-11-18T15:53:58.370Z] <<< [apiv2][status] POST https://upload-firebasehosting.googleapis.com/upload/sites/watch-world-9d86f/versions/00e331c81e153ca1/files/4d6984ac0230cae3f042cebe7ce350bc9ee4d1f4d9bbc7bf9d66a890bbc63926 200
[debug] [2021-11-18T15:53:58.372Z] <<< [apiv2][body] POST https://upload-firebasehosting.googleapis.com/upload/sites/watch-world-9d86f/versions/00e331c81e153ca1/files/4d6984ac0230cae3f042cebe7ce350bc9ee4d1f4d9bbc7bf9d66a890bbc63926 [stream]
[debug] [2021-11-18T15:53:58.373Z] [hosting][upload queue][FINAL] {"max":9667,"min":4661,"avg":7374.25,"active":0,"complete":4,"success":4,"errored":0,"retried":0,"total":4,"elapsed":9669}
[info] +  hosting[watch-world-9d86f]: file upload complete 
[debug] [2021-11-18T15:53:58.375Z] [hosting] deploy completed after 15491ms
[debug] [2021-11-18T15:53:58.380Z] [
  {
    "config": {
      "public": "build",
      "ignore": [
        "firebase.json",
        "**/.*",
        "**/node_modules/**"
      ],
      "rewrites": [
        {
          "source": "**",
          "destination": "/index.html"
        }
      ],
      "site": "watch-world-9d86f"
    },
    "site": "watch-world-9d86f",
    "version": "sites/watch-world-9d86f/versions/00e331c81e153ca1"
  }
]
[info] i  hosting[watch-world-9d86f]: finalizing version... 
[debug] [2021-11-18T15:53:58.383Z] > refreshing access token with scopes: ["email","https://www.googleapis.com/auth/cloud-platform","https://www.googleapis.com/auth/cloudplatformprojects.readonly","https://www.googleapis.com/auth/firebase","openid"]
[debug] [2021-11-18T15:53:58.384Z] >>> HTTP REQUEST POST https://www.googleapis.com/oauth2/v3/token  
 <request body omitted>
[debug] [2021-11-18T15:54:04.376Z] <<< HTTP RESPONSE 200 {"cache-control":"no-cache, no-store, max-age=0, must-revalidate","expires":"Mon, 01 Jan 1990 00:00:00 GMT","pragma":"no-cache","date":"Thu, 18 Nov 2021 15:54:04 GMT","content-type":"application/json; charset=utf-8","vary":"X-Origin, Referer, Origin,Accept-Encoding","server":"scaffolding on HTTPServer2","x-xss-protection":"0","x-frame-options":"SAMEORIGIN","x-content-type-options":"nosniff","alt-svc":"h3=\":443\"; ma=2592000,h3-29=\":443\"; ma=2592000,h3-Q050=\":443\"; ma=2592000,h3-Q046=\":443\"; ma=2592000,h3-Q043=\":443\"; ma=2592000,quic=\":443\"; ma=2592000; v=\"46,43\"","accept-ranges":"none","transfer-encoding":"chunked"}
[debug] [2021-11-18T15:54:04.396Z] >>> HTTP REQUEST PATCH https://firebasehosting.googleapis.com/v1beta1/sites/watch-world-9d86f/versions/00e331c81e153ca1?updateMask=status  
 {"status":"FINALIZED"}
[debug] [2021-11-18T15:54:12.353Z] <<< HTTP RESPONSE 200 {"content-type":"application/json; charset=UTF-8","vary":"X-Origin, Referer, Origin,Accept-Encoding","date":"Thu, 18 Nov 2021 15:54:12 GMT","server":"ESF","cache-control":"private","x-xss-protection":"0","x-frame-options":"SAMEORIGIN","x-content-type-options":"nosniff","alt-svc":"h3=\":443\"; ma=2592000,h3-29=\":443\"; ma=2592000,h3-Q050=\":443\"; ma=2592000,h3-Q046=\":443\"; ma=2592000,h3-Q043=\":443\"; ma=2592000,quic=\":443\"; ma=2592000; v=\"46,43\"","accept-ranges":"none","transfer-encoding":"chunked"}
[debug] [2021-11-18T15:54:12.354Z] [hosting] finalized version for watch-world-9d86f: {"name":"sites/watch-world-9d86f/versions/00e331c81e153ca1","status":"FINALIZED","config":{"rewrites":[{"glob":"**","path":"/index.html"}]},"labels":{"deployment-tool":"cli-firebase"},"createTime":"2021-11-18T15:53:43.032454Z","createUser":{"email":"baburaju638@gmail.com"},"finalizeTime":"2021-11-18T15:54:12.254269Z","finalizeUser":{"email":"baburaju638@gmail.com"}}
[info] +  hosting[watch-world-9d86f]: version finalized 
[info] i  hosting[watch-world-9d86f]: releasing new version... 
[debug] [2021-11-18T15:54:12.368Z] >>> HTTP REQUEST POST https://firebasehosting.googleapis.com/v1beta1/sites/watch-world-9d86f/releases?version_name=sites/watch-world-9d86f/versions/00e331c81e153ca1  
 {"message":null}
[debug] [2021-11-18T15:54:20.583Z] <<< HTTP RESPONSE 200 {"content-type":"application/json; charset=UTF-8","vary":"X-Origin, Referer, Origin,Accept-Encoding","date":"Thu, 18 Nov 2021 15:54:19 GMT","server":"ESF","cache-control":"private","x-xss-protection":"0","x-frame-options":"SAMEORIGIN","x-content-type-options":"nosniff","alt-svc":"h3=\":443\"; ma=2592000,h3-29=\":443\"; ma=2592000,h3-Q050=\":443\"; ma=2592000,h3-Q046=\":443\"; ma=2592000,h3-Q043=\":443\"; ma=2592000,quic=\":443\"; ma=2592000; v=\"46,43\"","accept-ranges":"none","transfer-encoding":"chunked"}
[debug] [2021-11-18T15:54:20.583Z] [hosting] release: {"name":"sites/watch-world-9d86f/releases/1637250858725598","version":{"name":"sites/watch-world-9d86f/versions/00e331c81e153ca1","status":"FINALIZED","config":{"rewrites":[{"glob":"**","path":"/index.html"}]},"labels":{"deployment-tool":"cli-firebase"},"createTime":"2021-11-18T15:53:43.032454Z","createUser":{"email":"baburaju638@gmail.com"},"finalizeTime":"2021-11-18T15:54:12.254269Z","finalizeUser":{"email":"baburaju638@gmail.com"}},"type":"DEPLOY","releaseTime":"2021-11-18T15:54:18.725598037Z","releaseUser":{"email":"baburaju638@gmail.com"}}
[info] +  hosting[watch-world-9d86f]: release complete 
[info] 
[info] +  Deploy complete! 
[info] 
[info] Project Console: https://console.firebase.google.com/project/watch-world-9d86f/overview
[info] Hosting URL: https://watch-world-9d86f.web.app
